<?xml version="1.0" encoding="UTF-8"?>
<testsuite xmlns:xsi="http://www.w3.org/2001/XMLSchema-instance" xsi:noNamespaceSchemaLocation="https://maven.apache.org/surefire/maven-surefire-plugin/xsd/surefire-test-report.xsd" version="3.0.2" name="com.example.SpringbootAppWithCloudRun.SpringbootAppWithCloudRunApplicationTests" time="2.482" tests="1" errors="0" skipped="0" failures="0">
  <properties>
[...]
</properties>
  <testcase name="contextLoads" classname="com.example.SpringbootAppWithCloudRun.SpringbootAppWithCloudRunApplicationTests" time="0.511">
    <system-out><![CDATA[00:13:21.100 [main] INFO org.springframework.test.context.support.AnnotationConfigContextLoaderUtils -- Could not detect default configuration classes for test class [com.example.SpringbootAppWithCloudRun.SpringbootAppWithCloudRunApplicationTests]: SpringbootAppWithCloudRunApplicationTests does not declare any static, non-private, non-final, nested classes annotated with @Configuration.
00:13:21.222 [main] INFO org.springframework.boot.test.context.SpringBootTestContextBootstrapper -- Found @SpringBootConfiguration com.example.SpringbootAppWithCloudRunApplication for test class com.example.SpringbootAppWithCloudRun.SpringbootAppWithCloudRunApplicationTests
00:13:21.405 [main] INFO org.springframework.boot.devtools.restart.RestartApplicationListener -- Restart disabled due to context in which it is running

  .   ____          _            __ _ _
 /\\ / ___'_ __ _ _(_)_ __  __ _ \ \ \ \
( ( )\___ | '_ | '_| | '_ \/ _` | \ \ \ \
 \\/  ___)| |_)| | | | | || (_| |  ) ) ) )
  '  |____| .__|_| |_|_| |_\__, | / / / /
 =========|_|==============|___/=/_/_/_/

 :: Spring Boot ::                (v3.5.4)

2025-07-26T00:13:21.690+05:30  INFO 23940 --- [SpringbootAppWithCloudRun] [           main] pringbootAppWithCloudRunApplicationTests : Starting SpringbootAppWithCloudRunApplicationTests using Java 17.0.5 with PID 23940 (started by jithendra in C:\Users\jithe\Downloads\SpringbootAppWithCloudRun\SpringbootAppWithCloudRun)
2025-07-26T00:13:21.692+05:30  INFO 23940 --- [SpringbootAppWithCloudRun] [           main] pringbootAppWithCloudRunApplicationTests : No active profile set, falling back to 1 default profile: "default"
2025-07-26T00:13:22.941+05:30  INFO 23940 --- [SpringbootAppWithCloudRun] [           main] pringbootAppWithCloudRunApplicationTests : Started SpringbootAppWithCloudRunApplicationTests in 1.545 seconds (process running for 2.463)
]]></system-out>
  </testcase>
</testsuite>